<?xml version="1.0" encoding="UTF-8"?>
<!-- Generated by org.testng.reporters.JUnitReportReporter -->
<testsuite skipped="1" hostname="DESKTOP-PVQAVP0" name="com.qa.Clockify.test.LoginPageTest" tests="6" failures="0" timestamp="04 Jul 2020 16:16:41 GMT" time="14.533" errors="0">
  <testcase name="verifyLoginPageTitleTest" time="0.072" classname="com.qa.Clockify.test.LoginPageTest"/>
  <testcase name="verifySignUpLinkTest" time="1.978" classname="com.qa.Clockify.test.LoginPageTest"/>
  <testcase name="verifyForgotpasswordLinkTest" time="1.607" classname="com.qa.Clockify.test.LoginPageTest"/>
  <testcase name="verifyLearnMoreLinkTest" time="1.636" classname="com.qa.Clockify.test.LoginPageTest"/>
  <testcase name="verifyLoginTest" time="9.240" classname="com.qa.Clockify.test.LoginPageTest"/>
  <testcase name="Login_InvalidTestCases" classname="com.qa.Clockify.test.LoginPageTest">
    <skipped/>
  </testcase> <!-- Login_InvalidTestCases -->
</testsuite> <!-- com.qa.Clockify.test.LoginPageTest -->
