<?xml version="1.0" encoding="UTF-8"?>
<!-- Generated by org.testng.reporters.JUnitReportReporter -->
<testsuite skipped="0" hostname="DESKTOP-PVQAVP0" name="com.qa.Clockify.test.SettingsPageTest" tests="4" failures="0" timestamp="06 Jul 2020 10:28:42 GMT" time="13.249" errors="0">
  <testcase name="verifySettingsPageTitle" time="0.567" classname="com.qa.Clockify.test.SettingsPageTest"/>
  <testcase name="verifyWorkSpaceName" time="2.890" classname="com.qa.Clockify.test.SettingsPageTest"/>
  <testcase name="verifyUploadPhotobutton" time="1.436" classname="com.qa.Clockify.test.SettingsPageTest"/>
  <testcase name="verifyUploadPhoto" time="8.356" classname="com.qa.Clockify.test.SettingsPageTest"/>
</testsuite> <!-- com.qa.Clockify.test.SettingsPageTest -->
