<?xml version="1.0" encoding="UTF-8"?>
<!-- Generated by org.testng.reporters.JUnitReportReporter -->
<testsuite skipped="0" hostname="DESKTOP-PVQAVP0" name="com.qa.Clockify.test.HomePageTest" tests="3" failures="0" timestamp="03 Jul 2020 18:03:28 GMT" time="3.198" errors="0">
  <testcase name="verifyHomePageTitleTest" time="0.033" classname="com.qa.Clockify.test.HomePageTest"/>
  <testcase name="verifyLoggedInaccountNameTest" time="1.381" classname="com.qa.Clockify.test.HomePageTest"/>
  <testcase name="verifyProjectTest" time="1.784" classname="com.qa.Clockify.test.HomePageTest"/>
</testsuite> <!-- com.qa.Clockify.test.HomePageTest -->
