<?xml version="1.0" encoding="UTF-8"?>
<!-- Generated by org.testng.reporters.JUnitReportReporter -->
<testsuite skipped="1" hostname="DESKTOP-PVQAVP0" name="com.qa.Clockify.test.SettingsPageTest" tests="4" failures="0" timestamp="05 Jul 2020 15:52:21 GMT" time="3.314" errors="0">
  <testcase name="verifySettingsPageTitle" time="0.624" classname="com.qa.Clockify.test.SettingsPageTest"/>
  <testcase name="verifyWorkSpaceName" time="1.347" classname="com.qa.Clockify.test.SettingsPageTest"/>
  <testcase name="verifyUploadPhotobutton" time="1.343" classname="com.qa.Clockify.test.SettingsPageTest"/>
  <testcase name="verifyUploadPhoto" classname="com.qa.Clockify.test.SettingsPageTest">
    <skipped/>
  </testcase> <!-- verifyUploadPhoto -->
</testsuite> <!-- com.qa.Clockify.test.SettingsPageTest -->
