<?xml version="1.0" encoding="UTF-8"?>
<!-- Generated by org.testng.reporters.JUnitReportReporter -->
<testsuite skipped="0" hostname="DESKTOP-PVQAVP0" name="com.qa.Clockify.test.CreateNewProjectTest" tests="5" failures="0" timestamp="29 Jun 2020 12:37:33 GMT" time="142.354" errors="0">
  <testcase name="verifyPageHeaderText" time="23.886" classname="com.qa.Clockify.test.CreateNewProjectTest"/>
  <testcase name="verifyCreateNewProject" time="28.202" classname="com.qa.Clockify.test.CreateNewProjectTest"/>
  <testcase name="verifyCreateNewProject" time="32.602" classname="com.qa.Clockify.test.CreateNewProjectTest"/>
  <testcase name="verifyCreateNewProject" time="28.282" classname="com.qa.Clockify.test.CreateNewProjectTest"/>
  <testcase name="verifyCreateNewProject" time="29.382" classname="com.qa.Clockify.test.CreateNewProjectTest"/>
</testsuite> <!-- com.qa.Clockify.test.CreateNewProjectTest -->
