<?xml version="1.0" encoding="UTF-8"?>
<!-- Generated by org.testng.reporters.JUnitReportReporter -->
<testsuite skipped="2" hostname="DESKTOP-PVQAVP0" name="com.qa.Clockify.test.LoginPageTest" tests="12" failures="0" timestamp="04 Jul 2020 13:42:27 GMT" time="35.288" errors="0">
  <testcase name="verifyLoginPageTitleTest" time="0.055" classname="com.qa.Clockify.test.LoginPageTest"/>
  <testcase name="verifyLoginPageTitleTest" time="0.432" classname="com.qa.Clockify.test.LoginPageTest"/>
  <testcase name="verifySignUpLinkTest" time="2.025" classname="com.qa.Clockify.test.LoginPageTest"/>
  <testcase name="verifySignUpLinkTest" time="2.843" classname="com.qa.Clockify.test.LoginPageTest"/>
  <testcase name="verifyForgotpasswordLinkTest" time="2.298" classname="com.qa.Clockify.test.LoginPageTest"/>
  <testcase name="verifyForgotpasswordLinkTest" time="1.931" classname="com.qa.Clockify.test.LoginPageTest"/>
  <testcase name="verifyLearnMoreLinkTest" time="2.354" classname="com.qa.Clockify.test.LoginPageTest"/>
  <testcase name="verifyLearnMoreLinkTest" time="2.017" classname="com.qa.Clockify.test.LoginPageTest"/>
  <testcase name="verifyLoginTest" time="11.064" classname="com.qa.Clockify.test.LoginPageTest"/>
  <testcase name="verifyLoginTest" time="10.269" classname="com.qa.Clockify.test.LoginPageTest"/>
  <testcase name="Login_InvalidTestCases" classname="com.qa.Clockify.test.LoginPageTest">
    <skipped/>
  </testcase> <!-- Login_InvalidTestCases -->
  <testcase name="Login_InvalidTestCases" classname="com.qa.Clockify.test.LoginPageTest">
    <skipped/>
  </testcase> <!-- Login_InvalidTestCases -->
</testsuite> <!-- com.qa.Clockify.test.LoginPageTest -->
