<?xml version="1.0" encoding="UTF-8"?>
<!-- Generated by org.testng.reporters.JUnitReportReporter -->
<testsuite skipped="0" hostname="DESKTOP-PVQAVP0" name="com.qa.Clockify.test.ProjectsPageTest" tests="3" failures="0" timestamp="29 Jun 2020 12:51:53 GMT" time="5.430" errors="0">
  <testcase name="verifyPageTitle" time="0.068" classname="com.qa.Clockify.test.ProjectsPageTest"/>
  <testcase name="verifyPageHeader" time="2.657" classname="com.qa.Clockify.test.ProjectsPageTest"/>
  <testcase name="verifyCreateNewProjectLink" time="2.705" classname="com.qa.Clockify.test.ProjectsPageTest"/>
</testsuite> <!-- com.qa.Clockify.test.ProjectsPageTest -->
