<?xml version="1.0" encoding="UTF-8"?>
<!-- Generated by org.testng.reporters.JUnitReportReporter -->
<testsuite skipped="0" hostname="DESKTOP-PVQAVP0" name="com.qa.Clockify.test.HomePageTest" tests="3" failures="0" timestamp="07 Jul 2020 13:13:00 GMT" time="3.258" errors="0">
  <testcase name="verifyHomePageTitleTest" time="0.052" classname="com.qa.Clockify.test.HomePageTest"/>
  <testcase name="verifyLoggedInaccountNameTest" time="1.411" classname="com.qa.Clockify.test.HomePageTest"/>
  <testcase name="verifyProjectTest" time="1.795" classname="com.qa.Clockify.test.HomePageTest"/>
</testsuite> <!-- com.qa.Clockify.test.HomePageTest -->
