<?xml version="1.0" encoding="UTF-8"?>
<!-- Generated by org.testng.reporters.JUnitReportReporter -->
<testsuite skipped="1" hostname="DESKTOP-PVQAVP0" name="com.qa.Clockify.test.LoginPageTest" tests="6" failures="0" timestamp="07 Jul 2020 11:35:01 GMT" time="14.272" errors="0">
  <testcase name="verifyLoginPageTitleTest" time="0.076" classname="com.qa.Clockify.test.LoginPageTest"/>
  <testcase name="verifySignUpLinkTest" time="1.568" classname="com.qa.Clockify.test.LoginPageTest"/>
  <testcase name="verifyForgotpasswordLinkTest" time="1.462" classname="com.qa.Clockify.test.LoginPageTest"/>
  <testcase name="verifyLearnMoreLinkTest" time="1.467" classname="com.qa.Clockify.test.LoginPageTest"/>
  <testcase name="verifyLoginTest" time="9.699" classname="com.qa.Clockify.test.LoginPageTest"/>
  <testcase name="Login_InvalidTestCases" classname="com.qa.Clockify.test.LoginPageTest">
    <skipped/>
  </testcase> <!-- Login_InvalidTestCases -->
</testsuite> <!-- com.qa.Clockify.test.LoginPageTest -->
