<?xml version="1.0" encoding="UTF-8"?>
<!-- Generated by org.testng.reporters.JUnitReportReporter -->
<testsuite skipped="2" hostname="DESKTOP-PVQAVP0" name="com.qa.Clockify.test.LoginPageTest" tests="12" failures="0" timestamp="04 Jul 2020 14:47:40 GMT" time="51.311" errors="0">
  <testcase name="verifyLoginPageTitleTest" time="0.358" classname="com.qa.Clockify.test.LoginPageTest"/>
  <testcase name="verifyLoginPageTitleTest" time="0.124" classname="com.qa.Clockify.test.LoginPageTest"/>
  <testcase name="verifySignUpLinkTest" time="2.395" classname="com.qa.Clockify.test.LoginPageTest"/>
  <testcase name="verifySignUpLinkTest" time="3.072" classname="com.qa.Clockify.test.LoginPageTest"/>
  <testcase name="verifyForgotpasswordLinkTest" time="2.888" classname="com.qa.Clockify.test.LoginPageTest"/>
  <testcase name="verifyForgotpasswordLinkTest" time="2.899" classname="com.qa.Clockify.test.LoginPageTest"/>
  <testcase name="verifyLearnMoreLinkTest" time="4.421" classname="com.qa.Clockify.test.LoginPageTest"/>
  <testcase name="verifyLearnMoreLinkTest" time="2.559" classname="com.qa.Clockify.test.LoginPageTest"/>
  <testcase name="verifyLoginTest" time="18.587" classname="com.qa.Clockify.test.LoginPageTest"/>
  <testcase name="verifyLoginTest" time="14.008" classname="com.qa.Clockify.test.LoginPageTest"/>
  <testcase name="Login_InvalidTestCases" classname="com.qa.Clockify.test.LoginPageTest">
    <skipped/>
  </testcase> <!-- Login_InvalidTestCases -->
  <testcase name="Login_InvalidTestCases" classname="com.qa.Clockify.test.LoginPageTest">
    <skipped/>
  </testcase> <!-- Login_InvalidTestCases -->
</testsuite> <!-- com.qa.Clockify.test.LoginPageTest -->
