<?xml version="1.0" encoding="UTF-8"?>
<!-- Generated by org.testng.reporters.JUnitReportReporter -->
<testsuite skipped="6" hostname="DESKTOP-PVQAVP0" name="com.qa.Clockify.test.LoginPageTest" tests="6" failures="0" timestamp="28 Jun 2020 12:33:56 GMT" time="0.000" errors="0">
  <testcase name="verifyLoginPageTitleTest" time="0.000" classname="com.qa.Clockify.test.LoginPageTest">
    <skipped/>
  </testcase> <!-- verifyLoginPageTitleTest -->
  <testcase name="verifySignUpLinkTest" time="0.000" classname="com.qa.Clockify.test.LoginPageTest">
    <skipped/>
  </testcase> <!-- verifySignUpLinkTest -->
  <testcase name="verifyForgotpasswordLinkTest" time="0.000" classname="com.qa.Clockify.test.LoginPageTest">
    <skipped/>
  </testcase> <!-- verifyForgotpasswordLinkTest -->
  <testcase name="verifyLearnMoreLinkTest" time="0.000" classname="com.qa.Clockify.test.LoginPageTest">
    <skipped/>
  </testcase> <!-- verifyLearnMoreLinkTest -->
  <testcase name="verifyLoginTest" time="0.000" classname="com.qa.Clockify.test.LoginPageTest">
    <skipped/>
  </testcase> <!-- verifyLoginTest -->
  <testcase name="Login_InvalidTestCases" classname="com.qa.Clockify.test.LoginPageTest">
    <skipped/>
  </testcase> <!-- Login_InvalidTestCases -->
</testsuite> <!-- com.qa.Clockify.test.LoginPageTest -->
